mode: set
restaurant-booking/internal/service/auth_service.go:43.15,49.2 1 0
restaurant-booking/internal/service/auth_service.go:51.151,53.26 1 1
restaurant-booking/internal/service/auth_service.go:53.26,55.3 1 1
restaurant-booking/internal/service/auth_service.go:57.2,57.23 1 1
restaurant-booking/internal/service/auth_service.go:57.23,59.3 1 1
restaurant-booking/internal/service/auth_service.go:61.2,62.16 2 1
restaurant-booking/internal/service/auth_service.go:62.16,64.3 1 1
restaurant-booking/internal/service/auth_service.go:65.2,65.45 1 1
restaurant-booking/internal/service/auth_service.go:65.45,67.3 1 0
restaurant-booking/internal/service/auth_service.go:69.2,70.16 2 1
restaurant-booking/internal/service/auth_service.go:70.16,72.3 1 0
restaurant-booking/internal/service/auth_service.go:74.2,87.48 2 1
restaurant-booking/internal/service/auth_service.go:87.48,89.3 1 0
restaurant-booking/internal/service/auth_service.go:91.2,92.16 2 1
restaurant-booking/internal/service/auth_service.go:92.16,94.3 1 0
restaurant-booking/internal/service/auth_service.go:96.2,97.16 2 1
restaurant-booking/internal/service/auth_service.go:97.16,99.3 1 0
restaurant-booking/internal/service/auth_service.go:101.2,109.70 2 1
restaurant-booking/internal/service/auth_service.go:109.70,111.3 1 0
restaurant-booking/internal/service/auth_service.go:113.2,113.45 1 1
restaurant-booking/internal/service/auth_service.go:116.91,119.16 2 1
restaurant-booking/internal/service/auth_service.go:119.16,120.45 1 1
restaurant-booking/internal/service/auth_service.go:120.45,122.4 1 1
restaurant-booking/internal/service/auth_service.go:123.3,123.26 1 0
restaurant-booking/internal/service/auth_service.go:126.2,126.95 1 1
restaurant-booking/internal/service/auth_service.go:126.95,128.3 1 1
restaurant-booking/internal/service/auth_service.go:130.2,131.16 2 1
restaurant-booking/internal/service/auth_service.go:131.16,133.3 1 0
restaurant-booking/internal/service/auth_service.go:135.2,136.16 2 1
restaurant-booking/internal/service/auth_service.go:136.16,138.3 1 0
restaurant-booking/internal/service/auth_service.go:140.2,148.70 2 1
restaurant-booking/internal/service/auth_service.go:148.70,150.3 1 0
restaurant-booking/internal/service/auth_service.go:152.2,152.45 1 1
restaurant-booking/internal/service/auth_service.go:155.81,158.16 2 1
restaurant-booking/internal/service/auth_service.go:158.16,159.45 1 1
restaurant-booking/internal/service/auth_service.go:159.45,161.4 1 1
restaurant-booking/internal/service/auth_service.go:162.3,162.21 1 0
restaurant-booking/internal/service/auth_service.go:165.2,165.45 1 1
restaurant-booking/internal/service/auth_service.go:165.45,169.3 2 1
restaurant-booking/internal/service/auth_service.go:171.2,172.16 2 1
restaurant-booking/internal/service/auth_service.go:172.16,174.3 1 0
restaurant-booking/internal/service/auth_service.go:176.2,177.16 2 1
restaurant-booking/internal/service/auth_service.go:177.16,179.3 1 0
restaurant-booking/internal/service/auth_service.go:181.2,182.16 2 1
restaurant-booking/internal/service/auth_service.go:182.16,184.3 1 0
restaurant-booking/internal/service/auth_service.go:186.2,186.71 1 1
restaurant-booking/internal/service/auth_service.go:186.71,188.3 1 0
restaurant-booking/internal/service/auth_service.go:190.2,198.66 2 1
restaurant-booking/internal/service/auth_service.go:198.66,200.3 1 0
restaurant-booking/internal/service/auth_service.go:202.2,202.45 1 1
restaurant-booking/internal/service/auth_service.go:205.57,207.2 1 1
restaurant-booking/internal/service/auth_service.go:209.38,212.2 2 1
restaurant-booking/internal/service/background_cleaner.go:22.22,32.2 2 0
restaurant-booking/internal/service/background_cleaner.go:34.38,38.2 2 0
restaurant-booking/internal/service/background_cleaner.go:40.44,47.6 5 0
restaurant-booking/internal/service/background_cleaner.go:47.6,48.10 1 0
restaurant-booking/internal/service/background_cleaner.go:49.24,51.10 2 0
restaurant-booking/internal/service/background_cleaner.go:52.19,53.24 1 0
restaurant-booking/internal/service/background_cleaner.go:58.48,63.12 3 0
restaurant-booking/internal/service/background_cleaner.go:63.12,64.49 1 0
restaurant-booking/internal/service/background_cleaner.go:64.49,67.4 2 0
restaurant-booking/internal/service/background_cleaner.go:67.9,69.4 1 0
restaurant-booking/internal/service/background_cleaner.go:72.2,72.12 1 0
restaurant-booking/internal/service/background_cleaner.go:72.12,73.52 1 0
restaurant-booking/internal/service/background_cleaner.go:73.52,76.4 2 0
restaurant-booking/internal/service/background_cleaner.go:76.9,78.4 1 0
restaurant-booking/internal/service/background_cleaner.go:81.2,81.12 1 0
restaurant-booking/internal/service/background_cleaner.go:81.12,82.51 1 0
restaurant-booking/internal/service/background_cleaner.go:82.51,85.4 2 0
restaurant-booking/internal/service/background_cleaner.go:85.9,87.4 1 0
restaurant-booking/internal/service/background_cleaner.go:90.2,91.25 2 0
restaurant-booking/internal/service/background_cleaner.go:91.25,95.3 3 0
restaurant-booking/internal/service/background_cleaner.go:97.2,97.44 1 0
restaurant-booking/internal/service/background_cleaner.go:100.57,107.2 4 0
restaurant-booking/internal/service/background_cleaner.go:109.60,116.2 4 0
restaurant-booking/internal/service/background_cleaner.go:118.59,125.2 4 0
restaurant-booking/internal/service/background_cleaner.go:127.39,130.2 2 0
restaurant-booking/internal/service/background_cleaner.go:132.37,136.9 3 0
restaurant-booking/internal/service/background_cleaner.go:137.17,138.55 1 0
restaurant-booking/internal/service/background_cleaner.go:139.37,140.49 1 0
restaurant-booking/internal/service/background_cleaner.go:156.40,163.2 2 0
restaurant-booking/internal/service/background_cleaner.go:165.90,171.2 1 0
restaurant-booking/internal/service/background_cleaner.go:173.34,176.32 2 0
restaurant-booking/internal/service/background_cleaner.go:176.32,179.3 1 0
restaurant-booking/internal/service/background_cleaner.go:182.54,188.6 4 0
restaurant-booking/internal/service/background_cleaner.go:188.6,189.10 1 0
restaurant-booking/internal/service/background_cleaner.go:190.24,192.10 2 0
restaurant-booking/internal/service/background_cleaner.go:193.19,195.38 2 0
restaurant-booking/internal/service/background_cleaner.go:195.38,197.5 1 0
restaurant-booking/internal/service/background_cleaner.go:202.33,205.2 2 0
restaurant-booking/internal/service/booking_service.go:29.19,36.2 1 0
restaurant-booking/internal/service/booking_service.go:50.28,55.12 3 0
restaurant-booking/internal/service/booking_service.go:55.12,70.3 3 0
restaurant-booking/internal/service/booking_service.go:72.2,73.25 2 0
restaurant-booking/internal/service/booking_service.go:73.25,75.3 1 0
restaurant-booking/internal/service/booking_service.go:77.2,77.12 1 0
restaurant-booking/internal/service/booking_service.go:77.12,85.3 2 0
restaurant-booking/internal/service/booking_service.go:87.2,89.28 2 0
restaurant-booking/internal/service/booking_service.go:96.22,105.35 4 0
restaurant-booking/internal/service/booking_service.go:105.35,107.26 2 0
restaurant-booking/internal/service/booking_service.go:107.26,117.4 4 0
restaurant-booking/internal/service/booking_service.go:120.2,120.12 1 0
restaurant-booking/internal/service/booking_service.go:120.12,123.3 2 0
restaurant-booking/internal/service/booking_service.go:125.2,125.34 1 0
restaurant-booking/internal/service/booking_service.go:125.34,128.3 2 0
restaurant-booking/internal/service/booking_service.go:130.2,130.16 1 0
restaurant-booking/internal/service/booking_service.go:137.19,143.35 4 0
restaurant-booking/internal/service/booking_service.go:143.35,146.40 2 0
restaurant-booking/internal/service/booking_service.go:146.40,150.17 3 0
restaurant-booking/internal/service/booking_service.go:150.17,150.32 1 0
restaurant-booking/internal/service/booking_service.go:152.4,152.52 1 0
restaurant-booking/internal/service/booking_service.go:152.52,154.5 1 0
restaurant-booking/internal/service/booking_service.go:154.10,156.5 1 0
restaurant-booking/internal/service/booking_service.go:160.2,163.16 3 0
restaurant-booking/internal/service/booking_service.go:166.93,170.9 2 0
restaurant-booking/internal/service/booking_service.go:171.20,172.19 1 0
restaurant-booking/internal/service/booking_service.go:173.10,174.13 1 0
restaurant-booking/internal/service/booking_service.go:183.29,192.45 4 0
restaurant-booking/internal/service/booking_service.go:192.45,195.26 2 0
restaurant-booking/internal/service/booking_service.go:195.26,209.4 5 0
restaurant-booking/internal/service/booking_service.go:212.2,212.12 1 0
restaurant-booking/internal/service/booking_service.go:212.12,215.3 2 0
restaurant-booking/internal/service/booking_service.go:217.2,218.30 2 0
restaurant-booking/internal/service/booking_service.go:218.30,220.3 1 0
restaurant-booking/internal/service/booking_service.go:222.2,222.16 1 0
restaurant-booking/internal/service/booking_service.go:229.9,234.12 4 0
restaurant-booking/internal/service/booking_service.go:234.12,239.3 4 0
restaurant-booking/internal/service/booking_service.go:241.2,242.12 2 0
restaurant-booking/internal/service/booking_service.go:242.12,247.3 4 0
restaurant-booking/internal/service/booking_service.go:249.2,250.12 2 0
restaurant-booking/internal/service/booking_service.go:250.12,258.3 3 0
restaurant-booking/internal/service/booking_service.go:260.2,263.27 3 0
restaurant-booking/internal/service/booking_service.go:263.27,264.17 1 0
restaurant-booking/internal/service/booking_service.go:264.17,266.4 1 0
restaurant-booking/internal/service/booking_service.go:269.2,269.12 1 0
restaurant-booking/internal/service/booking_service.go:272.116,286.42 4 0
restaurant-booking/internal/service/booking_service.go:286.42,289.4 2 0
restaurant-booking/internal/service/booking_service.go:290.43,293.4 2 0
restaurant-booking/internal/service/booking_service.go:294.46,297.4 2 0
restaurant-booking/internal/service/booking_service.go:298.46,301.4 2 0
restaurant-booking/internal/service/booking_service.go:304.2,304.29 1 0
restaurant-booking/internal/service/booking_service.go:304.29,306.53 2 0
restaurant-booking/internal/service/booking_service.go:306.53,310.4 3 0
restaurant-booking/internal/service/booking_service.go:313.2,313.12 1 0
restaurant-booking/internal/service/booking_service.go:313.12,316.3 2 0
restaurant-booking/internal/service/booking_service.go:318.2,319.32 2 0
restaurant-booking/internal/service/booking_service.go:319.32,320.26 1 0
restaurant-booking/internal/service/booking_service.go:320.26,322.4 1 0
restaurant-booking/internal/service/booking_service.go:323.3,323.37 1 0
restaurant-booking/internal/service/booking_service.go:326.2,327.21 2 0
restaurant-booking/internal/service/manager_service.go:39.18,45.2 1 1
restaurant-booking/internal/service/manager_service.go:47.159,50.16 2 1
restaurant-booking/internal/service/manager_service.go:50.16,51.45 1 1
restaurant-booking/internal/service/manager_service.go:51.45,53.4 1 1
restaurant-booking/internal/service/manager_service.go:54.3,54.18 1 1
restaurant-booking/internal/service/manager_service.go:57.2,57.35 1 1
restaurant-booking/internal/service/manager_service.go:57.35,59.3 1 1
restaurant-booking/internal/service/manager_service.go:60.2,61.16 2 1
restaurant-booking/internal/service/manager_service.go:61.16,62.45 1 1
restaurant-booking/internal/service/manager_service.go:62.45,64.4 1 1
restaurant-booking/internal/service/manager_service.go:65.3,65.18 1 1
restaurant-booking/internal/service/manager_service.go:68.2,69.16 2 1
restaurant-booking/internal/service/manager_service.go:69.16,71.3 1 1
restaurant-booking/internal/service/manager_service.go:73.2,73.15 1 1
restaurant-booking/internal/service/manager_service.go:73.15,75.3 1 1
restaurant-booking/internal/service/manager_service.go:76.2,82.59 2 1
restaurant-booking/internal/service/manager_service.go:82.59,84.3 1 1
restaurant-booking/internal/service/manager_service.go:86.2,89.21 3 1
restaurant-booking/internal/service/manager_service.go:92.128,95.16 2 1
restaurant-booking/internal/service/manager_service.go:95.16,96.45 1 1
restaurant-booking/internal/service/manager_service.go:96.45,98.4 1 1
restaurant-booking/internal/service/manager_service.go:99.3,99.13 1 1
restaurant-booking/internal/service/manager_service.go:102.2,102.35 1 1
restaurant-booking/internal/service/manager_service.go:102.35,104.3 1 1
restaurant-booking/internal/service/manager_service.go:106.2,107.16 2 1
restaurant-booking/internal/service/manager_service.go:107.16,109.3 1 1
restaurant-booking/internal/service/manager_service.go:111.2,111.16 1 1
restaurant-booking/internal/service/manager_service.go:111.16,113.3 1 1
restaurant-booking/internal/service/manager_service.go:115.2,115.56 1 1
restaurant-booking/internal/service/manager_service.go:118.120,121.16 2 1
restaurant-booking/internal/service/manager_service.go:121.16,122.45 1 1
restaurant-booking/internal/service/manager_service.go:122.45,124.4 1 1
restaurant-booking/internal/service/manager_service.go:125.3,125.18 1 1
restaurant-booking/internal/service/manager_service.go:128.2,128.65 1 1
restaurant-booking/internal/service/notification_service.go:41.79,53.31 3 0
restaurant-booking/internal/service/notification_service.go:53.31,56.3 2 0
restaurant-booking/internal/service/notification_service.go:58.2,59.11 2 0
restaurant-booking/internal/service/notification_service.go:62.47,67.6 3 0
restaurant-booking/internal/service/notification_service.go:67.6,68.10 1 0
restaurant-booking/internal/service/notification_service.go:69.24,71.10 2 0
restaurant-booking/internal/service/notification_service.go:72.47,73.11 1 0
restaurant-booking/internal/service/notification_service.go:73.11,76.5 2 0
restaurant-booking/internal/service/notification_service.go:78.4,78.60 1 0
restaurant-booking/internal/service/notification_service.go:78.60,81.5 2 0
restaurant-booking/internal/service/notification_service.go:81.10,85.5 2 0
restaurant-booking/internal/service/notification_service.go:90.71,94.35 2 0
restaurant-booking/internal/service/notification_service.go:94.35,96.3 1 0
restaurant-booking/internal/service/notification_service.go:98.2,99.12 2 0
restaurant-booking/internal/service/notification_service.go:102.70,103.9 1 0
restaurant-booking/internal/service/notification_service.go:104.23,105.61 1 0
restaurant-booking/internal/service/notification_service.go:106.40,108.13 2 0
restaurant-booking/internal/service/notification_service.go:109.10,110.50 1 0
restaurant-booking/internal/service/notification_service.go:114.84,124.2 2 0
restaurant-booking/internal/service/notification_service.go:126.73,135.2 2 0
restaurant-booking/internal/service/notification_service.go:137.77,138.29 1 0
restaurant-booking/internal/service/notification_service.go:138.29,140.3 1 0
restaurant-booking/internal/service/notification_service.go:142.2,144.12 2 0
restaurant-booking/internal/service/notification_service.go:144.12,145.35 1 0
restaurant-booking/internal/service/notification_service.go:145.35,146.37 1 0
restaurant-booking/internal/service/notification_service.go:146.37,148.5 1 0
restaurant-booking/internal/service/notification_service.go:152.2,152.12 1 0
restaurant-booking/internal/service/notification_service.go:155.66,159.2 3 0
restaurant-booking/internal/service/notification_service.go:161.48,165.2 3 0
restaurant-booking/internal/service/notification_service.go:167.50,171.2 3 0
restaurant-booking/internal/service/notification_service.go:173.43,184.2 6 0
restaurant-booking/internal/service/payment_service.go:40.18,46.2 1 0
restaurant-booking/internal/service/payment_service.go:48.167,49.17 1 1
restaurant-booking/internal/service/payment_service.go:49.17,51.3 1 1
restaurant-booking/internal/service/payment_service.go:53.2,61.59 2 1
restaurant-booking/internal/service/payment_service.go:61.59,63.3 1 0
restaurant-booking/internal/service/payment_service.go:65.2,65.42 1 1
restaurant-booking/internal/service/payment_service.go:65.42,66.65 1 1
restaurant-booking/internal/service/payment_service.go:66.65,68.4 1 0
restaurant-booking/internal/service/payment_service.go:70.3,70.54 1 1
restaurant-booking/internal/service/payment_service.go:73.2,73.21 1 1
restaurant-booking/internal/service/payment_service.go:76.95,77.50 1 1
restaurant-booking/internal/service/payment_service.go:77.50,79.17 2 1
restaurant-booking/internal/service/payment_service.go:79.17,81.4 1 0
restaurant-booking/internal/service/payment_service.go:83.3,83.61 1 1
restaurant-booking/internal/service/payment_service.go:83.61,85.4 1 1
restaurant-booking/internal/service/payment_service.go:87.3,87.59 1 1
restaurant-booking/internal/service/payment_service.go:87.59,89.4 1 0
restaurant-booking/internal/service/payment_service.go:91.3,92.31 2 1
restaurant-booking/internal/service/payment_service.go:92.31,94.4 1 1
restaurant-booking/internal/service/payment_service.go:96.3,96.106 1 1
restaurant-booking/internal/service/payment_service.go:96.106,102.4 5 1
restaurant-booking/internal/service/payment_service.go:104.3,105.44 2 1
restaurant-booking/internal/service/payment_service.go:109.103,111.16 2 1
restaurant-booking/internal/service/payment_service.go:111.16,113.3 1 0
restaurant-booking/internal/service/payment_service.go:115.2,115.58 1 1
restaurant-booking/internal/service/payment_service.go:115.58,117.3 1 0
restaurant-booking/internal/service/payment_service.go:119.2,125.59 5 1
restaurant-booking/internal/service/payment_service.go:125.59,127.3 1 0
restaurant-booking/internal/service/payment_service.go:129.2,129.17 1 1
restaurant-booking/internal/service/payment_service.go:132.103,134.16 2 1
restaurant-booking/internal/service/payment_service.go:134.16,136.3 1 0
restaurant-booking/internal/service/payment_service.go:138.2,138.58 1 1
restaurant-booking/internal/service/payment_service.go:138.58,140.3 1 0
restaurant-booking/internal/service/payment_service.go:142.2,148.59 5 1
restaurant-booking/internal/service/payment_service.go:148.59,150.3 1 0
restaurant-booking/internal/service/payment_service.go:152.2,152.17 1 1
restaurant-booking/internal/service/payment_service.go:155.124,156.50 1 1
restaurant-booking/internal/service/payment_service.go:156.50,158.17 2 1
restaurant-booking/internal/service/payment_service.go:158.17,160.4 1 0
restaurant-booking/internal/service/payment_service.go:162.3,162.21 1 1
restaurant-booking/internal/service/payment_service.go:162.21,164.4 1 0
restaurant-booking/internal/service/payment_service.go:166.3,166.61 1 1
restaurant-booking/internal/service/payment_service.go:166.61,168.4 1 0
restaurant-booking/internal/service/payment_service.go:170.3,170.59 1 1
restaurant-booking/internal/service/payment_service.go:170.59,172.4 1 0
restaurant-booking/internal/service/payment_service.go:174.3,174.14 1 1
restaurant-booking/internal/service/payment_service.go:174.14,176.61 2 1
restaurant-booking/internal/service/payment_service.go:176.61,178.5 1 0
restaurant-booking/internal/service/payment_service.go:180.4,180.112 1 1
restaurant-booking/internal/service/payment_service.go:180.112,183.5 2 1
restaurant-booking/internal/service/payment_service.go:184.9,189.4 4 1
restaurant-booking/internal/service/payment_service.go:191.3,191.13 1 0
restaurant-booking/internal/service/payment_service.go:195.88,196.50 1 1
restaurant-booking/internal/service/payment_service.go:196.50,198.17 2 1
restaurant-booking/internal/service/payment_service.go:198.17,200.4 1 0
restaurant-booking/internal/service/payment_service.go:202.3,202.60 1 1
restaurant-booking/internal/service/payment_service.go:202.60,204.4 1 1
restaurant-booking/internal/service/payment_service.go:206.3,206.61 1 1
restaurant-booking/internal/service/payment_service.go:206.61,208.4 1 1
restaurant-booking/internal/service/payment_service.go:210.3,211.31 2 1
restaurant-booking/internal/service/payment_service.go:211.31,213.4 1 1
restaurant-booking/internal/service/payment_service.go:215.3,216.111 2 1
restaurant-booking/internal/service/payment_service.go:216.111,218.4 1 0
restaurant-booking/internal/service/payment_service.go:220.3,221.44 2 1
restaurant-booking/internal/service/payment_service.go:225.129,227.2 1 1
restaurant-booking/internal/service/restaurant_service.go:73.106,78.2 1 0
restaurant-booking/internal/service/restaurant_service.go:80.143,82.39 1 1
restaurant-booking/internal/service/restaurant_service.go:82.39,84.3 1 1
restaurant-booking/internal/service/restaurant_service.go:86.2,103.65 2 1
restaurant-booking/internal/service/restaurant_service.go:103.65,105.3 1 0
restaurant-booking/internal/service/restaurant_service.go:107.2,107.24 1 1
restaurant-booking/internal/service/restaurant_service.go:110.106,112.16 2 1
restaurant-booking/internal/service/restaurant_service.go:112.16,113.45 1 1
restaurant-booking/internal/service/restaurant_service.go:113.45,115.4 1 1
restaurant-booking/internal/service/restaurant_service.go:116.3,116.18 1 0
restaurant-booking/internal/service/restaurant_service.go:118.2,118.24 1 1
restaurant-booking/internal/service/restaurant_service.go:121.114,123.2 1 1
restaurant-booking/internal/service/restaurant_service.go:125.157,127.16 2 1
restaurant-booking/internal/service/restaurant_service.go:127.16,128.45 1 0
restaurant-booking/internal/service/restaurant_service.go:128.45,130.4 1 0
restaurant-booking/internal/service/restaurant_service.go:131.3,131.18 1 0
restaurant-booking/internal/service/restaurant_service.go:134.2,134.35 1 1
restaurant-booking/internal/service/restaurant_service.go:134.35,136.3 1 1
restaurant-booking/internal/service/restaurant_service.go:138.2,138.21 1 0
restaurant-booking/internal/service/restaurant_service.go:138.21,139.41 1 0
restaurant-booking/internal/service/restaurant_service.go:139.41,141.4 1 0
restaurant-booking/internal/service/restaurant_service.go:142.3,142.30 1 0
restaurant-booking/internal/service/restaurant_service.go:144.2,144.24 1 0
restaurant-booking/internal/service/restaurant_service.go:144.24,146.3 1 0
restaurant-booking/internal/service/restaurant_service.go:147.2,147.25 1 0
restaurant-booking/internal/service/restaurant_service.go:147.25,149.3 1 0
restaurant-booking/internal/service/restaurant_service.go:150.2,150.26 1 0
restaurant-booking/internal/service/restaurant_service.go:150.26,152.3 1 0
restaurant-booking/internal/service/restaurant_service.go:153.2,153.28 1 0
restaurant-booking/internal/service/restaurant_service.go:153.28,155.3 1 0
restaurant-booking/internal/service/restaurant_service.go:156.2,156.22 1 0
restaurant-booking/internal/service/restaurant_service.go:156.22,158.3 1 0
restaurant-booking/internal/service/restaurant_service.go:159.2,159.26 1 0
restaurant-booking/internal/service/restaurant_service.go:159.26,161.3 1 0
restaurant-booking/internal/service/restaurant_service.go:162.2,162.24 1 0
restaurant-booking/internal/service/restaurant_service.go:162.24,164.3 1 0
restaurant-booking/internal/service/restaurant_service.go:165.2,165.28 1 0
restaurant-booking/internal/service/restaurant_service.go:165.28,167.3 1 0
restaurant-booking/internal/service/restaurant_service.go:168.2,168.29 1 0
restaurant-booking/internal/service/restaurant_service.go:168.29,170.3 1 0
restaurant-booking/internal/service/restaurant_service.go:171.2,171.36 1 0
restaurant-booking/internal/service/restaurant_service.go:171.36,173.3 1 0
restaurant-booking/internal/service/restaurant_service.go:174.2,174.29 1 0
restaurant-booking/internal/service/restaurant_service.go:174.29,176.3 1 0
restaurant-booking/internal/service/restaurant_service.go:177.2,177.25 1 0
restaurant-booking/internal/service/restaurant_service.go:177.25,179.3 1 0
restaurant-booking/internal/service/restaurant_service.go:181.2,181.65 1 0
restaurant-booking/internal/service/restaurant_service.go:181.65,183.3 1 0
restaurant-booking/internal/service/restaurant_service.go:185.2,185.24 1 0
restaurant-booking/internal/service/restaurant_service.go:188.106,190.16 2 1
restaurant-booking/internal/service/restaurant_service.go:190.16,191.45 1 0
restaurant-booking/internal/service/restaurant_service.go:191.45,193.4 1 0
restaurant-booking/internal/service/restaurant_service.go:194.3,194.13 1 0
restaurant-booking/internal/service/restaurant_service.go:196.2,196.35 1 1
restaurant-booking/internal/service/restaurant_service.go:196.35,198.3 1 0
restaurant-booking/internal/service/restaurant_service.go:199.2,200.49 2 1
restaurant-booking/internal/service/restaurant_service.go:203.156,205.16 2 1
restaurant-booking/internal/service/restaurant_service.go:205.16,206.45 1 0
restaurant-booking/internal/service/restaurant_service.go:206.45,208.4 1 0
restaurant-booking/internal/service/restaurant_service.go:209.3,209.18 1 0
restaurant-booking/internal/service/restaurant_service.go:212.2,212.35 1 1
restaurant-booking/internal/service/restaurant_service.go:212.35,214.3 1 0
restaurant-booking/internal/service/restaurant_service.go:216.2,223.66 2 1
restaurant-booking/internal/service/restaurant_service.go:223.66,225.3 1 0
restaurant-booking/internal/service/restaurant_service.go:227.2,227.19 1 1
restaurant-booking/internal/service/restaurant_service.go:230.130,232.16 2 1
restaurant-booking/internal/service/restaurant_service.go:232.16,233.45 1 0
restaurant-booking/internal/service/restaurant_service.go:233.45,235.4 1 0
restaurant-booking/internal/service/restaurant_service.go:236.3,236.13 1 0
restaurant-booking/internal/service/restaurant_service.go:239.2,239.35 1 1
restaurant-booking/internal/service/restaurant_service.go:239.35,241.3 1 0
restaurant-booking/internal/service/restaurant_service.go:243.2,246.35 2 1
restaurant-booking/internal/service/restaurant_service.go:246.35,247.45 1 1
restaurant-booking/internal/service/restaurant_service.go:247.45,249.4 1 1
restaurant-booking/internal/service/restaurant_service.go:250.3,250.13 1 0
restaurant-booking/internal/service/restaurant_service.go:253.2,253.51 1 0
restaurant-booking/internal/service/table_service.go:59.134,65.2 1 0
restaurant-booking/internal/service/table_service.go:67.147,69.16 2 0
restaurant-booking/internal/service/table_service.go:69.16,70.45 1 0
restaurant-booking/internal/service/table_service.go:70.45,72.4 1 0
restaurant-booking/internal/service/table_service.go:73.3,73.18 1 0
restaurant-booking/internal/service/table_service.go:76.2,76.35 1 0
restaurant-booking/internal/service/table_service.go:76.35,78.3 1 0
restaurant-booking/internal/service/table_service.go:80.2,80.46 1 0
restaurant-booking/internal/service/table_service.go:80.46,82.3 1 0
restaurant-booking/internal/service/table_service.go:84.2,84.39 1 0
restaurant-booking/internal/service/table_service.go:84.39,86.3 1 0
restaurant-booking/internal/service/table_service.go:88.2,88.98 1 0
restaurant-booking/internal/service/table_service.go:88.98,90.3 1 0
restaurant-booking/internal/service/table_service.go:92.2,103.55 2 0
restaurant-booking/internal/service/table_service.go:103.55,105.3 1 0
restaurant-booking/internal/service/table_service.go:107.2,107.19 1 0
restaurant-booking/internal/service/table_service.go:110.116,112.2 1 0
restaurant-booking/internal/service/table_service.go:114.161,117.16 2 0
restaurant-booking/internal/service/table_service.go:117.16,118.45 1 0
restaurant-booking/internal/service/table_service.go:118.45,120.4 1 0
restaurant-booking/internal/service/table_service.go:121.3,121.18 1 0
restaurant-booking/internal/service/table_service.go:124.2,124.35 1 0
restaurant-booking/internal/service/table_service.go:124.35,126.3 1 0
restaurant-booking/internal/service/table_service.go:128.2,129.16 2 0
restaurant-booking/internal/service/table_service.go:129.16,130.45 1 0
restaurant-booking/internal/service/table_service.go:130.45,132.4 1 0
restaurant-booking/internal/service/table_service.go:133.3,133.18 1 0
restaurant-booking/internal/service/table_service.go:136.2,136.40 1 0
restaurant-booking/internal/service/table_service.go:136.40,138.3 1 0
restaurant-booking/internal/service/table_service.go:140.2,140.28 1 0
restaurant-booking/internal/service/table_service.go:140.28,141.48 1 0
restaurant-booking/internal/service/table_service.go:141.48,143.4 1 0
restaurant-booking/internal/service/table_service.go:144.3,144.94 1 0
restaurant-booking/internal/service/table_service.go:144.94,146.4 1 0
restaurant-booking/internal/service/table_service.go:147.3,147.39 1 0
restaurant-booking/internal/service/table_service.go:150.2,150.28 1 0
restaurant-booking/internal/service/table_service.go:150.28,152.3 1 0
restaurant-booking/internal/service/table_service.go:154.2,154.28 1 0
restaurant-booking/internal/service/table_service.go:154.28,156.3 1 0
restaurant-booking/internal/service/table_service.go:158.2,158.43 1 0
restaurant-booking/internal/service/table_service.go:158.43,160.3 1 0
restaurant-booking/internal/service/table_service.go:162.2,162.29 1 0
restaurant-booking/internal/service/table_service.go:162.29,164.3 1 0
restaurant-booking/internal/service/table_service.go:166.2,166.26 1 0
restaurant-booking/internal/service/table_service.go:166.26,168.3 1 0
restaurant-booking/internal/service/table_service.go:170.2,170.26 1 0
restaurant-booking/internal/service/table_service.go:170.26,172.3 1 0
restaurant-booking/internal/service/table_service.go:174.2,174.25 1 0
restaurant-booking/internal/service/table_service.go:174.25,176.3 1 0
restaurant-booking/internal/service/table_service.go:178.2,178.55 1 0
restaurant-booking/internal/service/table_service.go:178.55,180.3 1 0
restaurant-booking/internal/service/table_service.go:182.2,182.19 1 0
restaurant-booking/internal/service/table_service.go:185.120,187.16 2 0
restaurant-booking/internal/service/table_service.go:187.16,188.45 1 0
restaurant-booking/internal/service/table_service.go:188.45,190.4 1 0
restaurant-booking/internal/service/table_service.go:191.3,191.13 1 0
restaurant-booking/internal/service/table_service.go:194.2,194.35 1 0
restaurant-booking/internal/service/table_service.go:194.35,196.3 1 0
restaurant-booking/internal/service/table_service.go:198.2,199.16 2 0
restaurant-booking/internal/service/table_service.go:199.16,200.45 1 0
restaurant-booking/internal/service/table_service.go:200.45,202.4 1 0
restaurant-booking/internal/service/table_service.go:203.3,203.13 1 0
restaurant-booking/internal/service/table_service.go:206.2,206.40 1 0
restaurant-booking/internal/service/table_service.go:206.40,208.3 1 0
restaurant-booking/internal/service/table_service.go:210.2,211.39 2 0
restaurant-booking/internal/service/table_service.go:214.159,216.16 2 0
restaurant-booking/internal/service/table_service.go:216.16,217.45 1 0
restaurant-booking/internal/service/table_service.go:217.45,219.4 1 0
restaurant-booking/internal/service/table_service.go:220.3,220.18 1 0
restaurant-booking/internal/service/table_service.go:223.2,223.35 1 0
restaurant-booking/internal/service/table_service.go:223.35,225.3 1 0
restaurant-booking/internal/service/table_service.go:227.2,228.38 2 0
restaurant-booking/internal/service/table_service.go:228.38,229.52 1 0
restaurant-booking/internal/service/table_service.go:229.52,231.4 1 0
restaurant-booking/internal/service/table_service.go:233.3,233.50 1 0
restaurant-booking/internal/service/table_service.go:233.50,235.4 1 0
restaurant-booking/internal/service/table_service.go:237.3,237.41 1 0
restaurant-booking/internal/service/table_service.go:237.41,239.4 1 0
restaurant-booking/internal/service/table_service.go:240.3,242.104 2 0
restaurant-booking/internal/service/table_service.go:242.104,244.4 1 0
restaurant-booking/internal/service/table_service.go:247.2,248.38 2 0
restaurant-booking/internal/service/table_service.go:248.38,260.56 2 0
restaurant-booking/internal/service/table_service.go:260.56,262.4 1 0
restaurant-booking/internal/service/table_service.go:264.3,264.20 1 0
restaurant-booking/internal/service/table_service.go:267.2,267.20 1 0
restaurant-booking/internal/service/table_service.go:270.142,276.27 3 0
restaurant-booking/internal/service/table_service.go:276.27,278.3 1 0
restaurant-booking/internal/service/table_service.go:280.2,280.50 1 0
restaurant-booking/internal/service/table_service.go:280.50,282.3 1 0
restaurant-booking/internal/service/table_service.go:284.2,284.15 1 0
restaurant-booking/internal/service/table_service.go:284.15,286.3 1 0
restaurant-booking/internal/service/table_service.go:288.2,288.12 1 0
restaurant-booking/internal/service/user_service.go:27.69,31.2 1 0
restaurant-booking/internal/service/user_service.go:33.71,35.16 2 0
restaurant-booking/internal/service/user_service.go:35.16,36.45 1 0
restaurant-booking/internal/service/user_service.go:36.45,38.4 1 0
restaurant-booking/internal/service/user_service.go:39.3,39.18 1 0
restaurant-booking/internal/service/user_service.go:41.2,41.18 1 0
restaurant-booking/internal/service/user_service.go:44.105,46.16 2 0
restaurant-booking/internal/service/user_service.go:46.16,47.45 1 0
restaurant-booking/internal/service/user_service.go:47.45,49.4 1 0
restaurant-booking/internal/service/user_service.go:50.3,50.18 1 0
restaurant-booking/internal/service/user_service.go:53.2,57.48 4 0
restaurant-booking/internal/service/user_service.go:57.48,59.3 1 0
restaurant-booking/internal/service/user_service.go:61.2,61.18 1 0
restaurant-booking/internal/service/user_service.go:64.91,66.16 2 0
restaurant-booking/internal/service/user_service.go:66.16,67.45 1 0
restaurant-booking/internal/service/user_service.go:67.45,69.4 1 0
restaurant-booking/internal/service/user_service.go:70.3,70.13 1 0
restaurant-booking/internal/service/user_service.go:73.2,73.98 1 0
restaurant-booking/internal/service/user_service.go:73.98,75.3 1 0
restaurant-booking/internal/service/user_service.go:77.2,77.26 1 0
restaurant-booking/internal/service/user_service.go:77.26,79.3 1 0
restaurant-booking/internal/service/user_service.go:81.2,82.16 2 0
restaurant-booking/internal/service/user_service.go:82.16,84.3 1 0
restaurant-booking/internal/service/user_service.go:86.2,88.32 2 0
restaurant-booking/internal/service/wallet_service.go:35.90,40.2 1 0
restaurant-booking/internal/service/wallet_service.go:42.106,44.16 2 1
restaurant-booking/internal/service/wallet_service.go:44.16,46.3 1 1
restaurant-booking/internal/service/wallet_service.go:48.2,48.45 1 1
restaurant-booking/internal/service/wallet_service.go:48.45,50.3 1 0
restaurant-booking/internal/service/wallet_service.go:52.2,57.57 2 1
restaurant-booking/internal/service/wallet_service.go:57.57,59.3 1 0
restaurant-booking/internal/service/wallet_service.go:61.2,61.20 1 1
restaurant-booking/internal/service/wallet_service.go:64.88,66.16 2 0
restaurant-booking/internal/service/wallet_service.go:66.16,67.45 1 0
restaurant-booking/internal/service/wallet_service.go:67.45,69.4 1 0
restaurant-booking/internal/service/wallet_service.go:70.3,70.16 1 0
restaurant-booking/internal/service/wallet_service.go:72.2,72.28 1 0
restaurant-booking/internal/service/wallet_service.go:75.110,76.17 1 1
restaurant-booking/internal/service/wallet_service.go:76.17,78.3 1 0
restaurant-booking/internal/service/wallet_service.go:80.2,80.50 1 1
restaurant-booking/internal/service/wallet_service.go:80.50,87.17 3 1
restaurant-booking/internal/service/wallet_service.go:87.17,88.46 1 0
restaurant-booking/internal/service/wallet_service.go:88.46,94.69 2 0
restaurant-booking/internal/service/wallet_service.go:94.69,96.6 1 0
restaurant-booking/internal/service/wallet_service.go:97.10,99.5 1 0
restaurant-booking/internal/service/wallet_service.go:102.3,103.65 2 1
restaurant-booking/internal/service/wallet_service.go:103.65,105.4 1 0
restaurant-booking/internal/service/wallet_service.go:107.3,114.55 2 1
restaurant-booking/internal/service/wallet_service.go:118.111,119.17 1 1
restaurant-booking/internal/service/wallet_service.go:119.17,121.3 1 0
restaurant-booking/internal/service/wallet_service.go:123.2,123.50 1 1
restaurant-booking/internal/service/wallet_service.go:123.50,130.17 3 1
restaurant-booking/internal/service/wallet_service.go:130.17,132.4 1 0
restaurant-booking/internal/service/wallet_service.go:134.3,134.30 1 1
restaurant-booking/internal/service/wallet_service.go:134.30,136.4 1 1
restaurant-booking/internal/service/wallet_service.go:138.3,139.65 2 0
restaurant-booking/internal/service/wallet_service.go:139.65,141.4 1 0
restaurant-booking/internal/service/wallet_service.go:143.3,150.55 2 0
restaurant-booking/internal/service/wallet_service.go:154.120,155.17 1 1
restaurant-booking/internal/service/wallet_service.go:155.17,157.3 1 0
restaurant-booking/internal/service/wallet_service.go:159.2,159.50 1 1
restaurant-booking/internal/service/wallet_service.go:159.50,166.17 3 1
restaurant-booking/internal/service/wallet_service.go:166.17,168.4 1 0
restaurant-booking/internal/service/wallet_service.go:170.3,170.30 1 1
restaurant-booking/internal/service/wallet_service.go:170.30,172.4 1 0
restaurant-booking/internal/service/wallet_service.go:174.3,175.65 2 1
restaurant-booking/internal/service/wallet_service.go:175.65,177.4 1 0
restaurant-booking/internal/service/wallet_service.go:179.3,187.55 2 1
restaurant-booking/internal/service/wallet_service.go:191.132,192.17 1 1
restaurant-booking/internal/service/wallet_service.go:192.17,194.3 1 0
restaurant-booking/internal/service/wallet_service.go:196.2,196.50 1 1
restaurant-booking/internal/service/wallet_service.go:196.50,203.17 3 1
restaurant-booking/internal/service/wallet_service.go:203.17,204.46 1 0
restaurant-booking/internal/service/wallet_service.go:204.46,209.69 2 0
restaurant-booking/internal/service/wallet_service.go:209.69,211.6 1 0
restaurant-booking/internal/service/wallet_service.go:212.10,214.5 1 0
restaurant-booking/internal/service/wallet_service.go:217.3,218.65 2 1
restaurant-booking/internal/service/wallet_service.go:218.65,220.4 1 0
restaurant-booking/internal/service/wallet_service.go:222.3,230.55 2 1
restaurant-booking/internal/service/wallet_service.go:234.136,236.16 2 1
restaurant-booking/internal/service/wallet_service.go:236.16,238.3 1 0
restaurant-booking/internal/service/wallet_service.go:240.2,240.68 1 1
